CRITICAL - 2022-04-11 07:01:15 --> Undefined variable: hebergements
#0 /home/fmechmeche/Documents/projet/app/Views/admin.php(43): CodeIgniter\Debug\Exceptions->errorHandler()
#1 /home/fmechmeche/Documents/projet/system/View/View.php(210): include('/home/fmechmech...')
#2 /home/fmechmeche/Documents/projet/system/View/View.php(213): CodeIgniter\View\View->CodeIgniter\View\{closure}()
#3 /home/fmechmeche/Documents/projet/system/Common.php(1089): CodeIgniter\View\View->render()
#4 /home/fmechmeche/Documents/projet/app/Controllers/DashboardAdmin.php(16): view()
#5 /home/fmechmeche/Documents/projet/system/CodeIgniter.php(825): App\Controllers\DashboardAdmin->index()
#6 /home/fmechmeche/Documents/projet/system/CodeIgniter.php(412): CodeIgniter\CodeIgniter->runController()
#7 /home/fmechmeche/Documents/projet/system/CodeIgniter.php(320): CodeIgniter\CodeIgniter->handleRequest()
#8 /home/fmechmeche/Documents/projet/public/index.php(37): CodeIgniter\CodeIgniter->run()
#9 /home/fmechmeche/Documents/projet/system/Commands/Server/rewrite.php(43): require_once('/home/fmechmech...')
#10 {main}
CRITICAL - 2022-04-11 07:04:57 --> Undefined variable: hebergements
#0 /home/fmechmeche/Documents/projet/app/Views/admin.php(43): CodeIgniter\Debug\Exceptions->errorHandler()
#1 /home/fmechmeche/Documents/projet/system/View/View.php(210): include('/home/fmechmech...')
#2 /home/fmechmeche/Documents/projet/system/View/View.php(213): CodeIgniter\View\View->CodeIgniter\View\{closure}()
#3 /home/fmechmeche/Documents/projet/system/Common.php(1089): CodeIgniter\View\View->render()
#4 /home/fmechmeche/Documents/projet/app/Controllers/DashboardAdmin.php(23): view()
#5 /home/fmechmeche/Documents/projet/system/CodeIgniter.php(825): App\Controllers\DashboardAdmin->index()
#6 /home/fmechmeche/Documents/projet/system/CodeIgniter.php(412): CodeIgniter\CodeIgniter->runController()
#7 /home/fmechmeche/Documents/projet/system/CodeIgniter.php(320): CodeIgniter\CodeIgniter->handleRequest()
#8 /home/fmechmeche/Documents/projet/public/index.php(37): CodeIgniter\CodeIgniter->run()
#9 /home/fmechmeche/Documents/projet/system/Commands/Server/rewrite.php(43): require_once('/home/fmechmech...')
#10 {main}
CRITICAL - 2022-04-11 07:05:35 --> Undefined variable: hebergements
#0 /home/fmechmeche/Documents/projet/app/Views/admin.php(43): CodeIgniter\Debug\Exceptions->errorHandler()
#1 /home/fmechmeche/Documents/projet/system/View/View.php(210): include('/home/fmechmech...')
#2 /home/fmechmeche/Documents/projet/system/View/View.php(213): CodeIgniter\View\View->CodeIgniter\View\{closure}()
#3 /home/fmechmeche/Documents/projet/system/Common.php(1089): CodeIgniter\View\View->render()
#4 /home/fmechmeche/Documents/projet/app/Controllers/DashboardAdmin.php(23): view()
#5 /home/fmechmeche/Documents/projet/system/CodeIgniter.php(825): App\Controllers\DashboardAdmin->index()
#6 /home/fmechmeche/Documents/projet/system/CodeIgniter.php(412): CodeIgniter\CodeIgniter->runController()
#7 /home/fmechmeche/Documents/projet/system/CodeIgniter.php(320): CodeIgniter\CodeIgniter->handleRequest()
#8 /home/fmechmeche/Documents/projet/public/index.php(37): CodeIgniter\CodeIgniter->run()
#9 /home/fmechmeche/Documents/projet/system/Commands/Server/rewrite.php(43): require_once('/home/fmechmech...')
#10 {main}
CRITICAL - 2022-04-11 07:06:05 --> Undefined variable: hebergements
#0 /home/fmechmeche/Documents/projet/app/Views/admin.php(43): CodeIgniter\Debug\Exceptions->errorHandler()
#1 /home/fmechmeche/Documents/projet/system/View/View.php(210): include('/home/fmechmech...')
#2 /home/fmechmeche/Documents/projet/system/View/View.php(213): CodeIgniter\View\View->CodeIgniter\View\{closure}()
#3 /home/fmechmeche/Documents/projet/system/Common.php(1089): CodeIgniter\View\View->render()
#4 /home/fmechmeche/Documents/projet/app/Controllers/DashboardAdmin.php(23): view()
#5 /home/fmechmeche/Documents/projet/system/CodeIgniter.php(825): App\Controllers\DashboardAdmin->index()
#6 /home/fmechmeche/Documents/projet/system/CodeIgniter.php(412): CodeIgniter\CodeIgniter->runController()
#7 /home/fmechmeche/Documents/projet/system/CodeIgniter.php(320): CodeIgniter\CodeIgniter->handleRequest()
#8 /home/fmechmeche/Documents/projet/public/index.php(37): CodeIgniter\CodeIgniter->run()
#9 /home/fmechmeche/Documents/projet/system/Commands/Server/rewrite.php(43): require_once('/home/fmechmech...')
#10 {main}
ERROR - 2022-04-11 07:25:55 --> Unknown column 'id' in 'where clause'
CRITICAL - 2022-04-11 07:25:55 --> Unknown column 'id' in 'where clause'
#0 /home/fmechmeche/Documents/projet/system/Database/MySQLi/Connection.php(292): mysqli->query()
#1 /home/fmechmeche/Documents/projet/system/Database/BaseConnection.php(670): CodeIgniter\Database\MySQLi\Connection->execute()
#2 /home/fmechmeche/Documents/projet/system/Database/BaseConnection.php(598): CodeIgniter\Database\BaseConnection->simpleQuery()
#3 /home/fmechmeche/Documents/projet/system/Database/BaseBuilder.php(2225): CodeIgniter\Database\BaseConnection->query()
#4 /home/fmechmeche/Documents/projet/system/Model.php(359): CodeIgniter\Database\BaseBuilder->delete()
#5 /home/fmechmeche/Documents/projet/system/BaseModel.php(963): CodeIgniter\Model->doDelete()
#6 /home/fmechmeche/Documents/projet/app/Controllers/DashboardAdmin.php(95): CodeIgniter\BaseModel->delete()
#7 /home/fmechmeche/Documents/projet/system/CodeIgniter.php(825): App\Controllers\DashboardAdmin->deleteHeber()
#8 /home/fmechmeche/Documents/projet/system/CodeIgniter.php(412): CodeIgniter\CodeIgniter->runController()
#9 /home/fmechmeche/Documents/projet/system/CodeIgniter.php(320): CodeIgniter\CodeIgniter->handleRequest()
#10 /home/fmechmeche/Documents/projet/public/index.php(37): CodeIgniter\CodeIgniter->run()
#11 /home/fmechmeche/Documents/projet/system/Commands/Server/rewrite.php(43): require_once('/home/fmechmech...')
#12 {main}
ERROR - 2022-04-11 07:26:55 --> Unknown column 'id' in 'where clause'
CRITICAL - 2022-04-11 07:26:55 --> Unknown column 'id' in 'where clause'
#0 /home/fmechmeche/Documents/projet/system/Database/MySQLi/Connection.php(292): mysqli->query()
#1 /home/fmechmeche/Documents/projet/system/Database/BaseConnection.php(670): CodeIgniter\Database\MySQLi\Connection->execute()
#2 /home/fmechmeche/Documents/projet/system/Database/BaseConnection.php(598): CodeIgniter\Database\BaseConnection->simpleQuery()
#3 /home/fmechmeche/Documents/projet/system/Database/BaseBuilder.php(2225): CodeIgniter\Database\BaseConnection->query()
#4 /home/fmechmeche/Documents/projet/system/Model.php(359): CodeIgniter\Database\BaseBuilder->delete()
#5 /home/fmechmeche/Documents/projet/system/BaseModel.php(963): CodeIgniter\Model->doDelete()
#6 /home/fmechmeche/Documents/projet/app/Controllers/DashboardAdmin.php(95): CodeIgniter\BaseModel->delete()
#7 /home/fmechmeche/Documents/projet/system/CodeIgniter.php(825): App\Controllers\DashboardAdmin->deleteHeber()
#8 /home/fmechmeche/Documents/projet/system/CodeIgniter.php(412): CodeIgniter\CodeIgniter->runController()
#9 /home/fmechmeche/Documents/projet/system/CodeIgniter.php(320): CodeIgniter\CodeIgniter->handleRequest()
#10 /home/fmechmeche/Documents/projet/public/index.php(37): CodeIgniter\CodeIgniter->run()
#11 /home/fmechmeche/Documents/projet/system/Commands/Server/rewrite.php(43): require_once('/home/fmechmech...')
#12 {main}
ERROR - 2022-04-11 07:27:40 --> Unknown column 'id' in 'where clause'
CRITICAL - 2022-04-11 07:27:40 --> Unknown column 'id' in 'where clause'
#0 /home/fmechmeche/Documents/projet/system/Database/MySQLi/Connection.php(292): mysqli->query()
#1 /home/fmechmeche/Documents/projet/system/Database/BaseConnection.php(670): CodeIgniter\Database\MySQLi\Connection->execute()
#2 /home/fmechmeche/Documents/projet/system/Database/BaseConnection.php(598): CodeIgniter\Database\BaseConnection->simpleQuery()
#3 /home/fmechmeche/Documents/projet/system/Database/BaseBuilder.php(2225): CodeIgniter\Database\BaseConnection->query()
#4 /home/fmechmeche/Documents/projet/system/Model.php(359): CodeIgniter\Database\BaseBuilder->delete()
#5 /home/fmechmeche/Documents/projet/system/BaseModel.php(963): CodeIgniter\Model->doDelete()
#6 /home/fmechmeche/Documents/projet/app/Controllers/DashboardAdmin.php(95): CodeIgniter\BaseModel->delete()
#7 /home/fmechmeche/Documents/projet/system/CodeIgniter.php(825): App\Controllers\DashboardAdmin->deleteHeber()
#8 /home/fmechmeche/Documents/projet/system/CodeIgniter.php(412): CodeIgniter\CodeIgniter->runController()
#9 /home/fmechmeche/Documents/projet/system/CodeIgniter.php(320): CodeIgniter\CodeIgniter->handleRequest()
#10 /home/fmechmeche/Documents/projet/public/index.php(37): CodeIgniter\CodeIgniter->run()
#11 /home/fmechmeche/Documents/projet/system/Commands/Server/rewrite.php(43): require_once('/home/fmechmech...')
#12 {main}
ERROR - 2022-04-11 07:29:04 --> Unknown column 'id' in 'where clause'
CRITICAL - 2022-04-11 07:29:04 --> Unknown column 'id' in 'where clause'
#0 /home/fmechmeche/Documents/projet/system/Database/MySQLi/Connection.php(292): mysqli->query()
#1 /home/fmechmeche/Documents/projet/system/Database/BaseConnection.php(670): CodeIgniter\Database\MySQLi\Connection->execute()
#2 /home/fmechmeche/Documents/projet/system/Database/BaseConnection.php(598): CodeIgniter\Database\BaseConnection->simpleQuery()
#3 /home/fmechmeche/Documents/projet/system/Database/BaseBuilder.php(2225): CodeIgniter\Database\BaseConnection->query()
#4 /home/fmechmeche/Documents/projet/system/Model.php(359): CodeIgniter\Database\BaseBuilder->delete()
#5 /home/fmechmeche/Documents/projet/system/BaseModel.php(963): CodeIgniter\Model->doDelete()
#6 /home/fmechmeche/Documents/projet/app/Controllers/DashboardAdmin.php(95): CodeIgniter\BaseModel->delete()
#7 /home/fmechmeche/Documents/projet/system/CodeIgniter.php(825): App\Controllers\DashboardAdmin->deleteHeber()
#8 /home/fmechmeche/Documents/projet/system/CodeIgniter.php(412): CodeIgniter\CodeIgniter->runController()
#9 /home/fmechmeche/Documents/projet/system/CodeIgniter.php(320): CodeIgniter\CodeIgniter->handleRequest()
#10 /home/fmechmeche/Documents/projet/public/index.php(37): CodeIgniter\CodeIgniter->run()
#11 /home/fmechmeche/Documents/projet/system/Commands/Server/rewrite.php(43): require_once('/home/fmechmech...')
#12 {main}
ERROR - 2022-04-11 07:30:42 --> Unknown column 'id' in 'where clause'
CRITICAL - 2022-04-11 07:30:42 --> Unknown column 'id' in 'where clause'
#0 /home/fmechmeche/Documents/projet/system/Database/MySQLi/Connection.php(292): mysqli->query()
#1 /home/fmechmeche/Documents/projet/system/Database/BaseConnection.php(670): CodeIgniter\Database\MySQLi\Connection->execute()
#2 /home/fmechmeche/Documents/projet/system/Database/BaseConnection.php(598): CodeIgniter\Database\BaseConnection->simpleQuery()
#3 /home/fmechmeche/Documents/projet/system/Database/BaseBuilder.php(2225): CodeIgniter\Database\BaseConnection->query()
#4 /home/fmechmeche/Documents/projet/system/Model.php(359): CodeIgniter\Database\BaseBuilder->delete()
#5 /home/fmechmeche/Documents/projet/system/BaseModel.php(963): CodeIgniter\Model->doDelete()
#6 /home/fmechmeche/Documents/projet/app/Controllers/DashboardAdmin.php(95): CodeIgniter\BaseModel->delete()
#7 /home/fmechmeche/Documents/projet/system/CodeIgniter.php(825): App\Controllers\DashboardAdmin->deleteHeber()
#8 /home/fmechmeche/Documents/projet/system/CodeIgniter.php(412): CodeIgniter\CodeIgniter->runController()
#9 /home/fmechmeche/Documents/projet/system/CodeIgniter.php(320): CodeIgniter\CodeIgniter->handleRequest()
#10 /home/fmechmeche/Documents/projet/public/index.php(37): CodeIgniter\CodeIgniter->run()
#11 /home/fmechmeche/Documents/projet/system/Commands/Server/rewrite.php(43): require_once('/home/fmechmech...')
#12 {main}
ERROR - 2022-04-11 07:33:25 --> Unknown column 'id' in 'where clause'
CRITICAL - 2022-04-11 07:33:25 --> Unknown column 'id' in 'where clause'
#0 /home/fmechmeche/Documents/projet/system/Database/MySQLi/Connection.php(292): mysqli->query()
#1 /home/fmechmeche/Documents/projet/system/Database/BaseConnection.php(670): CodeIgniter\Database\MySQLi\Connection->execute()
#2 /home/fmechmeche/Documents/projet/system/Database/BaseConnection.php(598): CodeIgniter\Database\BaseConnection->simpleQuery()
#3 /home/fmechmeche/Documents/projet/system/Database/BaseBuilder.php(2225): CodeIgniter\Database\BaseConnection->query()
#4 /home/fmechmeche/Documents/projet/system/Model.php(359): CodeIgniter\Database\BaseBuilder->delete()
#5 /home/fmechmeche/Documents/projet/system/BaseModel.php(963): CodeIgniter\Model->doDelete()
#6 /home/fmechmeche/Documents/projet/app/Controllers/DashboardAdmin.php(95): CodeIgniter\BaseModel->delete()
#7 /home/fmechmeche/Documents/projet/system/CodeIgniter.php(825): App\Controllers\DashboardAdmin->deleteHeber()
#8 /home/fmechmeche/Documents/projet/system/CodeIgniter.php(412): CodeIgniter\CodeIgniter->runController()
#9 /home/fmechmeche/Documents/projet/system/CodeIgniter.php(320): CodeIgniter\CodeIgniter->handleRequest()
#10 /home/fmechmeche/Documents/projet/public/index.php(37): CodeIgniter\CodeIgniter->run()
#11 /home/fmechmeche/Documents/projet/system/Commands/Server/rewrite.php(43): require_once('/home/fmechmech...')
#12 {main}
ERROR - 2022-04-11 07:34:15 --> Unknown column 'id' in 'where clause'
CRITICAL - 2022-04-11 07:34:15 --> Unknown column 'id' in 'where clause'
#0 /home/fmechmeche/Documents/projet/system/Database/MySQLi/Connection.php(292): mysqli->query()
#1 /home/fmechmeche/Documents/projet/system/Database/BaseConnection.php(670): CodeIgniter\Database\MySQLi\Connection->execute()
#2 /home/fmechmeche/Documents/projet/system/Database/BaseConnection.php(598): CodeIgniter\Database\BaseConnection->simpleQuery()
#3 /home/fmechmeche/Documents/projet/system/Database/BaseBuilder.php(2225): CodeIgniter\Database\BaseConnection->query()
#4 /home/fmechmeche/Documents/projet/system/Model.php(359): CodeIgniter\Database\BaseBuilder->delete()
#5 /home/fmechmeche/Documents/projet/system/BaseModel.php(963): CodeIgniter\Model->doDelete()
#6 /home/fmechmeche/Documents/projet/app/Controllers/DashboardAdmin.php(95): CodeIgniter\BaseModel->delete()
#7 /home/fmechmeche/Documents/projet/system/CodeIgniter.php(825): App\Controllers\DashboardAdmin->deleteHeber()
#8 /home/fmechmeche/Documents/projet/system/CodeIgniter.php(412): CodeIgniter\CodeIgniter->runController()
#9 /home/fmechmeche/Documents/projet/system/CodeIgniter.php(320): CodeIgniter\CodeIgniter->handleRequest()
#10 /home/fmechmeche/Documents/projet/public/index.php(37): CodeIgniter\CodeIgniter->run()
#11 /home/fmechmeche/Documents/projet/system/Commands/Server/rewrite.php(43): require_once('/home/fmechmech...')
#12 {main}
ERROR - 2022-04-11 07:35:42 --> Unknown column 'id' in 'where clause'
CRITICAL - 2022-04-11 07:35:42 --> Unknown column 'id' in 'where clause'
#0 /home/fmechmeche/Documents/projet/system/Database/MySQLi/Connection.php(292): mysqli->query()
#1 /home/fmechmeche/Documents/projet/system/Database/BaseConnection.php(670): CodeIgniter\Database\MySQLi\Connection->execute()
#2 /home/fmechmeche/Documents/projet/system/Database/BaseConnection.php(598): CodeIgniter\Database\BaseConnection->simpleQuery()
#3 /home/fmechmeche/Documents/projet/system/Database/BaseBuilder.php(2225): CodeIgniter\Database\BaseConnection->query()
#4 /home/fmechmeche/Documents/projet/system/Model.php(359): CodeIgniter\Database\BaseBuilder->delete()
#5 /home/fmechmeche/Documents/projet/system/BaseModel.php(963): CodeIgniter\Model->doDelete()
#6 /home/fmechmeche/Documents/projet/app/Controllers/DashboardAdmin.php(95): CodeIgniter\BaseModel->delete()
#7 /home/fmechmeche/Documents/projet/system/CodeIgniter.php(825): App\Controllers\DashboardAdmin->deleteHeber()
#8 /home/fmechmeche/Documents/projet/system/CodeIgniter.php(412): CodeIgniter\CodeIgniter->runController()
#9 /home/fmechmeche/Documents/projet/system/CodeIgniter.php(320): CodeIgniter\CodeIgniter->handleRequest()
#10 /home/fmechmeche/Documents/projet/public/index.php(37): CodeIgniter\CodeIgniter->run()
#11 /home/fmechmeche/Documents/projet/system/Commands/Server/rewrite.php(43): require_once('/home/fmechmech...')
#12 {main}
ERROR - 2022-04-11 07:36:10 --> Unknown column 'id' in 'where clause'
CRITICAL - 2022-04-11 07:36:10 --> Unknown column 'id' in 'where clause'
#0 /home/fmechmeche/Documents/projet/system/Database/MySQLi/Connection.php(292): mysqli->query()
#1 /home/fmechmeche/Documents/projet/system/Database/BaseConnection.php(670): CodeIgniter\Database\MySQLi\Connection->execute()
#2 /home/fmechmeche/Documents/projet/system/Database/BaseConnection.php(598): CodeIgniter\Database\BaseConnection->simpleQuery()
#3 /home/fmechmeche/Documents/projet/system/Database/BaseBuilder.php(2225): CodeIgniter\Database\BaseConnection->query()
#4 /home/fmechmeche/Documents/projet/system/Model.php(359): CodeIgniter\Database\BaseBuilder->delete()
#5 /home/fmechmeche/Documents/projet/system/BaseModel.php(963): CodeIgniter\Model->doDelete()
#6 /home/fmechmeche/Documents/projet/app/Controllers/DashboardAdmin.php(95): CodeIgniter\BaseModel->delete()
#7 /home/fmechmeche/Documents/projet/system/CodeIgniter.php(825): App\Controllers\DashboardAdmin->deleteHeber()
#8 /home/fmechmeche/Documents/projet/system/CodeIgniter.php(412): CodeIgniter\CodeIgniter->runController()
#9 /home/fmechmeche/Documents/projet/system/CodeIgniter.php(320): CodeIgniter\CodeIgniter->handleRequest()
#10 /home/fmechmeche/Documents/projet/public/index.php(37): CodeIgniter\CodeIgniter->run()
#11 /home/fmechmeche/Documents/projet/system/Commands/Server/rewrite.php(43): require_once('/home/fmechmech...')
#12 {main}
ERROR - 2022-04-11 07:36:39 --> Unknown column 'id' in 'where clause'
CRITICAL - 2022-04-11 07:36:39 --> Unknown column 'id' in 'where clause'
#0 /home/fmechmeche/Documents/projet/system/Database/MySQLi/Connection.php(292): mysqli->query()
#1 /home/fmechmeche/Documents/projet/system/Database/BaseConnection.php(670): CodeIgniter\Database\MySQLi\Connection->execute()
#2 /home/fmechmeche/Documents/projet/system/Database/BaseConnection.php(598): CodeIgniter\Database\BaseConnection->simpleQuery()
#3 /home/fmechmeche/Documents/projet/system/Database/BaseBuilder.php(2225): CodeIgniter\Database\BaseConnection->query()
#4 /home/fmechmeche/Documents/projet/system/Model.php(359): CodeIgniter\Database\BaseBuilder->delete()
#5 /home/fmechmeche/Documents/projet/system/BaseModel.php(963): CodeIgniter\Model->doDelete()
#6 /home/fmechmeche/Documents/projet/app/Controllers/DashboardAdmin.php(95): CodeIgniter\BaseModel->delete()
#7 /home/fmechmeche/Documents/projet/system/CodeIgniter.php(825): App\Controllers\DashboardAdmin->deleteHeber()
#8 /home/fmechmeche/Documents/projet/system/CodeIgniter.php(412): CodeIgniter\CodeIgniter->runController()
#9 /home/fmechmeche/Documents/projet/system/CodeIgniter.php(320): CodeIgniter\CodeIgniter->handleRequest()
#10 /home/fmechmeche/Documents/projet/public/index.php(37): CodeIgniter\CodeIgniter->run()
#11 /home/fmechmeche/Documents/projet/system/Commands/Server/rewrite.php(43): require_once('/home/fmechmech...')
#12 {main}
ERROR - 2022-04-11 07:40:41 --> Unknown column 'id' in 'where clause'
CRITICAL - 2022-04-11 07:40:41 --> Unknown column 'id' in 'where clause'
#0 /home/fmechmeche/Documents/projet/system/Database/MySQLi/Connection.php(292): mysqli->query()
#1 /home/fmechmeche/Documents/projet/system/Database/BaseConnection.php(670): CodeIgniter\Database\MySQLi\Connection->execute()
#2 /home/fmechmeche/Documents/projet/system/Database/BaseConnection.php(598): CodeIgniter\Database\BaseConnection->simpleQuery()
#3 /home/fmechmeche/Documents/projet/system/Database/BaseBuilder.php(2225): CodeIgniter\Database\BaseConnection->query()
#4 /home/fmechmeche/Documents/projet/system/Model.php(359): CodeIgniter\Database\BaseBuilder->delete()
#5 /home/fmechmeche/Documents/projet/system/BaseModel.php(963): CodeIgniter\Model->doDelete()
#6 /home/fmechmeche/Documents/projet/app/Controllers/DashboardAdmin.php(95): CodeIgniter\BaseModel->delete()
#7 /home/fmechmeche/Documents/projet/system/CodeIgniter.php(825): App\Controllers\DashboardAdmin->deleteHeber()
#8 /home/fmechmeche/Documents/projet/system/CodeIgniter.php(412): CodeIgniter\CodeIgniter->runController()
#9 /home/fmechmeche/Documents/projet/system/CodeIgniter.php(320): CodeIgniter\CodeIgniter->handleRequest()
#10 /home/fmechmeche/Documents/projet/public/index.php(37): CodeIgniter\CodeIgniter->run()
#11 /home/fmechmeche/Documents/projet/system/Commands/Server/rewrite.php(43): require_once('/home/fmechmech...')
#12 {main}
ERROR - 2022-04-11 07:42:24 --> Unknown column 'id' in 'where clause'
CRITICAL - 2022-04-11 07:42:24 --> Unknown column 'id' in 'where clause'
#0 /home/fmechmeche/Documents/projet/system/Database/MySQLi/Connection.php(292): mysqli->query()
#1 /home/fmechmeche/Documents/projet/system/Database/BaseConnection.php(670): CodeIgniter\Database\MySQLi\Connection->execute()
#2 /home/fmechmeche/Documents/projet/system/Database/BaseConnection.php(598): CodeIgniter\Database\BaseConnection->simpleQuery()
#3 /home/fmechmeche/Documents/projet/system/Database/BaseBuilder.php(2225): CodeIgniter\Database\BaseConnection->query()
#4 /home/fmechmeche/Documents/projet/system/Model.php(359): CodeIgniter\Database\BaseBuilder->delete()
#5 /home/fmechmeche/Documents/projet/system/BaseModel.php(963): CodeIgniter\Model->doDelete()
#6 /home/fmechmeche/Documents/projet/app/Controllers/DashboardAdmin.php(95): CodeIgniter\BaseModel->delete()
#7 /home/fmechmeche/Documents/projet/system/CodeIgniter.php(825): App\Controllers\DashboardAdmin->deleteHeber()
#8 /home/fmechmeche/Documents/projet/system/CodeIgniter.php(412): CodeIgniter\CodeIgniter->runController()
#9 /home/fmechmeche/Documents/projet/system/CodeIgniter.php(320): CodeIgniter\CodeIgniter->handleRequest()
#10 /home/fmechmeche/Documents/projet/public/index.php(37): CodeIgniter\CodeIgniter->run()
#11 /home/fmechmeche/Documents/projet/system/Commands/Server/rewrite.php(43): require_once('/home/fmechmech...')
#12 {main}
ERROR - 2022-04-11 07:42:47 --> Unknown column 'id' in 'where clause'
CRITICAL - 2022-04-11 07:42:47 --> Unknown column 'id' in 'where clause'
#0 /home/fmechmeche/Documents/projet/system/Database/MySQLi/Connection.php(292): mysqli->query()
#1 /home/fmechmeche/Documents/projet/system/Database/BaseConnection.php(670): CodeIgniter\Database\MySQLi\Connection->execute()
#2 /home/fmechmeche/Documents/projet/system/Database/BaseConnection.php(598): CodeIgniter\Database\BaseConnection->simpleQuery()
#3 /home/fmechmeche/Documents/projet/system/Database/BaseBuilder.php(2225): CodeIgniter\Database\BaseConnection->query()
#4 /home/fmechmeche/Documents/projet/system/Model.php(359): CodeIgniter\Database\BaseBuilder->delete()
#5 /home/fmechmeche/Documents/projet/system/BaseModel.php(963): CodeIgniter\Model->doDelete()
#6 /home/fmechmeche/Documents/projet/app/Controllers/DashboardAdmin.php(95): CodeIgniter\BaseModel->delete()
#7 /home/fmechmeche/Documents/projet/system/CodeIgniter.php(825): App\Controllers\DashboardAdmin->deleteHeber()
#8 /home/fmechmeche/Documents/projet/system/CodeIgniter.php(412): CodeIgniter\CodeIgniter->runController()
#9 /home/fmechmeche/Documents/projet/system/CodeIgniter.php(320): CodeIgniter\CodeIgniter->handleRequest()
#10 /home/fmechmeche/Documents/projet/public/index.php(37): CodeIgniter\CodeIgniter->run()
#11 /home/fmechmeche/Documents/projet/system/Commands/Server/rewrite.php(43): require_once('/home/fmechmech...')
#12 {main}
CRITICAL - 2022-04-11 08:12:18 --> Undefined property: App\Controllers\DashboardAdmin::$modalClients
#0 /home/fmechmeche/Documents/projet/app/Controllers/DashboardAdmin.php(108): CodeIgniter\Debug\Exceptions->errorHandler()
#1 /home/fmechmeche/Documents/projet/system/CodeIgniter.php(825): App\Controllers\DashboardAdmin->updateHeber()
#2 /home/fmechmeche/Documents/projet/system/CodeIgniter.php(412): CodeIgniter\CodeIgniter->runController()
#3 /home/fmechmeche/Documents/projet/system/CodeIgniter.php(320): CodeIgniter\CodeIgniter->handleRequest()
#4 /home/fmechmeche/Documents/projet/public/index.php(37): CodeIgniter\CodeIgniter->run()
#5 /home/fmechmeche/Documents/projet/system/Commands/Server/rewrite.php(43): require_once('/home/fmechmech...')
#6 {main}
CRITICAL - 2022-04-11 08:39:20 --> Undefined property: App\Controllers\DashboardAdmin::$modalClients
#0 /home/fmechmeche/Documents/projet/app/Controllers/DashboardAdmin.php(108): CodeIgniter\Debug\Exceptions->errorHandler()
#1 /home/fmechmeche/Documents/projet/system/CodeIgniter.php(825): App\Controllers\DashboardAdmin->updateHeber()
#2 /home/fmechmeche/Documents/projet/system/CodeIgniter.php(412): CodeIgniter\CodeIgniter->runController()
#3 /home/fmechmeche/Documents/projet/system/CodeIgniter.php(320): CodeIgniter\CodeIgniter->handleRequest()
#4 /home/fmechmeche/Documents/projet/public/index.php(37): CodeIgniter\CodeIgniter->run()
#5 /home/fmechmeche/Documents/projet/system/Commands/Server/rewrite.php(43): require_once('/home/fmechmech...')
#6 {main}
CRITICAL - 2022-04-11 08:39:30 --> Undefined property: App\Controllers\DashboardAdmin::$modalClients
#0 /home/fmechmeche/Documents/projet/app/Controllers/DashboardAdmin.php(108): CodeIgniter\Debug\Exceptions->errorHandler()
#1 /home/fmechmeche/Documents/projet/system/CodeIgniter.php(825): App\Controllers\DashboardAdmin->updateHeber()
#2 /home/fmechmeche/Documents/projet/system/CodeIgniter.php(412): CodeIgniter\CodeIgniter->runController()
#3 /home/fmechmeche/Documents/projet/system/CodeIgniter.php(320): CodeIgniter\CodeIgniter->handleRequest()
#4 /home/fmechmeche/Documents/projet/public/index.php(37): CodeIgniter\CodeIgniter->run()
#5 /home/fmechmeche/Documents/projet/system/Commands/Server/rewrite.php(43): require_once('/home/fmechmech...')
#6 {main}
ERROR - 2022-04-11 15:12:51 --> Error connecting to the database: php_network_getaddresses: getaddrinfo failed: Hôte inconnu. 
CRITICAL - 2022-04-11 15:12:51 --> Unable to connect to the database.
Main connection [MySQLi]: php_network_getaddresses: getaddrinfo failed: Hôte inconnu. 
#0 C:\wamp\www\projet\system\Database\BaseConnection.php(577): CodeIgniter\Database\BaseConnection->initialize()
#1 C:\wamp\www\projet\system\Database\BaseBuilder.php(1913): CodeIgniter\Database\BaseConnection->query('UPDATE `typeHeb...', Array, false)
#2 C:\wamp\www\projet\system\Model.php(298): CodeIgniter\Database\BaseBuilder->update()
#3 C:\wamp\www\projet\system\BaseModel.php(865): CodeIgniter\Model->doUpdate(Array, Array)
#4 C:\wamp\www\projet\system\Model.php(651): CodeIgniter\BaseModel->update(Array, Array)
#5 C:\wamp\www\projet\app\Controllers\DashboardAdmin.php(108): CodeIgniter\Model->update('5', Array)
#6 C:\wamp\www\projet\system\CodeIgniter.php(825): App\Controllers\DashboardAdmin->updateHeber()
#7 C:\wamp\www\projet\system\CodeIgniter.php(412): CodeIgniter\CodeIgniter->runController(Object(App\Controllers\DashboardAdmin))
#8 C:\wamp\www\projet\system\CodeIgniter.php(320): CodeIgniter\CodeIgniter->handleRequest(NULL, Object(Config\Cache), false)
#9 C:\wamp\www\projet\public\index.php(37): CodeIgniter\CodeIgniter->run()
#10 C:\wamp\www\projet\system\Commands\Server\rewrite.php(43): require_once('C:\\wamp\\www\\pro...')
#11 {main}
