CRITICAL - 2022-03-30 02:52:43 --> fopen(/var/www/html/projet/writable/session/ci_sessionvakqnfqc08ui75ln7gm5ep0uo181of0f): failed to open stream: Permission denied
#0 [internal function]: CodeIgniter\Debug\Exceptions->errorHandler()
#1 /var/www/html/projet/system/Session/Handlers/FileHandler.php(129): fopen()
#2 [internal function]: CodeIgniter\Session\Handlers\FileHandler->read()
#3 /var/www/html/projet/system/Session/Session.php(894): session_start()
#4 /var/www/html/projet/system/Session/Session.php(238): CodeIgniter\Session\Session->startSession()
#5 /var/www/html/projet/system/Config/Services.php(577): CodeIgniter\Session\Session->start()
#6 /var/www/html/projet/system/Config/BaseService.php(248): CodeIgniter\Config\Services::session()
#7 /var/www/html/projet/system/Config/BaseService.php(189): CodeIgniter\Config\BaseService::__callStatic()
#8 /var/www/html/projet/system/Config/Services.php(563): CodeIgniter\Config\BaseService::getSharedInstance()
#9 /var/www/html/projet/system/Config/BaseService.php(248): CodeIgniter\Config\Services::session()
#10 /var/www/html/projet/system/Common.php(901): CodeIgniter\Config\BaseService::__callStatic()
#11 /var/www/html/projet/app/Views/connexion.php(13): session()
#12 /var/www/html/projet/system/View/View.php(210): include('/var/www/html/p...')
#13 /var/www/html/projet/system/View/View.php(213): CodeIgniter\View\View->CodeIgniter\View\{closure}()
#14 /var/www/html/projet/system/Common.php(1089): CodeIgniter\View\View->render()
#15 /var/www/html/projet/app/Controllers/Connexion.php(15): view()
#16 /var/www/html/projet/system/CodeIgniter.php(825): App\Controllers\Connexion->index()
#17 /var/www/html/projet/system/CodeIgniter.php(412): CodeIgniter\CodeIgniter->runController()
#18 /var/www/html/projet/system/CodeIgniter.php(320): CodeIgniter\CodeIgniter->handleRequest()
#19 /var/www/html/projet/public/index.php(37): CodeIgniter\CodeIgniter->run()
#20 /var/www/html/projet/system/Commands/Server/rewrite.php(43): require_once('/var/www/html/p...')
#21 {main}
CRITICAL - 2022-03-30 02:53:41 --> fopen(/var/www/html/projet/writable/session/ci_sessionvakqnfqc08ui75ln7gm5ep0uo181of0f): failed to open stream: Permission denied
#0 [internal function]: CodeIgniter\Debug\Exceptions->errorHandler()
#1 /var/www/html/projet/system/Session/Handlers/FileHandler.php(129): fopen()
#2 [internal function]: CodeIgniter\Session\Handlers\FileHandler->read()
#3 /var/www/html/projet/system/Session/Session.php(894): session_start()
#4 /var/www/html/projet/system/Session/Session.php(238): CodeIgniter\Session\Session->startSession()
#5 /var/www/html/projet/system/Config/Services.php(577): CodeIgniter\Session\Session->start()
#6 /var/www/html/projet/system/Config/BaseService.php(248): CodeIgniter\Config\Services::session()
#7 /var/www/html/projet/system/Config/BaseService.php(189): CodeIgniter\Config\BaseService::__callStatic()
#8 /var/www/html/projet/system/Config/Services.php(563): CodeIgniter\Config\BaseService::getSharedInstance()
#9 /var/www/html/projet/system/Config/BaseService.php(248): CodeIgniter\Config\Services::session()
#10 /var/www/html/projet/system/Common.php(901): CodeIgniter\Config\BaseService::__callStatic()
#11 /var/www/html/projet/app/Views/connexion.php(13): session()
#12 /var/www/html/projet/system/View/View.php(210): include('/var/www/html/p...')
#13 /var/www/html/projet/system/View/View.php(213): CodeIgniter\View\View->CodeIgniter\View\{closure}()
#14 /var/www/html/projet/system/Common.php(1089): CodeIgniter\View\View->render()
#15 /var/www/html/projet/app/Controllers/Connexion.php(15): view()
#16 /var/www/html/projet/system/CodeIgniter.php(825): App\Controllers\Connexion->index()
#17 /var/www/html/projet/system/CodeIgniter.php(412): CodeIgniter\CodeIgniter->runController()
#18 /var/www/html/projet/system/CodeIgniter.php(320): CodeIgniter\CodeIgniter->handleRequest()
#19 /var/www/html/projet/public/index.php(37): CodeIgniter\CodeIgniter->run()
#20 /var/www/html/projet/system/Commands/Server/rewrite.php(43): require_once('/var/www/html/p...')
#21 {main}
CRITICAL - 2022-03-30 03:14:45 --> Class 'App\Controllers\ReservationModel' not found
#0 /var/www/html/projet/system/CodeIgniter.php(825): App\Controllers\DashboardAdmin->AfficherReservation()
#1 /var/www/html/projet/system/CodeIgniter.php(412): CodeIgniter\CodeIgniter->runController()
#2 /var/www/html/projet/system/CodeIgniter.php(320): CodeIgniter\CodeIgniter->handleRequest()
#3 /var/www/html/projet/public/index.php(37): CodeIgniter\CodeIgniter->run()
#4 /var/www/html/projet/system/Commands/Server/rewrite.php(43): require_once('/var/www/html/p...')
#5 {main}
CRITICAL - 2022-03-30 03:15:01 --> Class 'App\Controllers\ReservationModel' not found
#0 /var/www/html/projet/system/CodeIgniter.php(825): App\Controllers\DashboardAdmin->AfficherReservation()
#1 /var/www/html/projet/system/CodeIgniter.php(412): CodeIgniter\CodeIgniter->runController()
#2 /var/www/html/projet/system/CodeIgniter.php(320): CodeIgniter\CodeIgniter->handleRequest()
#3 /var/www/html/projet/public/index.php(37): CodeIgniter\CodeIgniter->run()
#4 /var/www/html/projet/system/Commands/Server/rewrite.php(43): require_once('/var/www/html/p...')
#5 {main}
CRITICAL - 2022-03-30 03:15:01 --> Class 'App\Controllers\ReservationModel' not found
#0 /var/www/html/projet/system/CodeIgniter.php(825): App\Controllers\DashboardAdmin->AfficherReservation()
#1 /var/www/html/projet/system/CodeIgniter.php(412): CodeIgniter\CodeIgniter->runController()
#2 /var/www/html/projet/system/CodeIgniter.php(320): CodeIgniter\CodeIgniter->handleRequest()
#3 /var/www/html/projet/public/index.php(37): CodeIgniter\CodeIgniter->run()
#4 /var/www/html/projet/system/Commands/Server/rewrite.php(43): require_once('/var/www/html/p...')
#5 {main}
CRITICAL - 2022-03-30 03:15:36 --> Undefined variable: reservation
#0 /var/www/html/projet/app/Views/reservation.php(16): CodeIgniter\Debug\Exceptions->errorHandler()
#1 /var/www/html/projet/system/View/View.php(210): include('/var/www/html/p...')
#2 /var/www/html/projet/system/View/View.php(213): CodeIgniter\View\View->CodeIgniter\View\{closure}()
#3 /var/www/html/projet/system/Common.php(1089): CodeIgniter\View\View->render()
#4 /var/www/html/projet/app/Controllers/DashboardAdmin.php(31): view()
#5 /var/www/html/projet/system/CodeIgniter.php(825): App\Controllers\DashboardAdmin->AfficherReservation()
#6 /var/www/html/projet/system/CodeIgniter.php(412): CodeIgniter\CodeIgniter->runController()
#7 /var/www/html/projet/system/CodeIgniter.php(320): CodeIgniter\CodeIgniter->handleRequest()
#8 /var/www/html/projet/public/index.php(37): CodeIgniter\CodeIgniter->run()
#9 /var/www/html/projet/system/Commands/Server/rewrite.php(43): require_once('/var/www/html/p...')
#10 {main}
CRITICAL - 2022-03-30 03:57:03 --> Undefined variable: nbPersonnes
#0 /var/www/html/projet/app/Views/reservation.php(16): CodeIgniter\Debug\Exceptions->errorHandler()
#1 /var/www/html/projet/system/View/View.php(210): include('/var/www/html/p...')
#2 /var/www/html/projet/system/View/View.php(213): CodeIgniter\View\View->CodeIgniter\View\{closure}()
#3 /var/www/html/projet/system/Common.php(1089): CodeIgniter\View\View->render()
#4 /var/www/html/projet/app/Controllers/DashboardAdmin.php(34): view()
#5 /var/www/html/projet/system/CodeIgniter.php(825): App\Controllers\DashboardAdmin->users()
#6 /var/www/html/projet/system/CodeIgniter.php(412): CodeIgniter\CodeIgniter->runController()
#7 /var/www/html/projet/system/CodeIgniter.php(320): CodeIgniter\CodeIgniter->handleRequest()
#8 /var/www/html/projet/public/index.php(37): CodeIgniter\CodeIgniter->run()
#9 /var/www/html/projet/system/Commands/Server/rewrite.php(43): require_once('/var/www/html/p...')
#10 {main}
CRITICAL - 2022-03-30 03:57:23 --> Undefined variable: nbPersonnes
#0 /var/www/html/projet/app/Views/reservation.php(16): CodeIgniter\Debug\Exceptions->errorHandler()
#1 /var/www/html/projet/system/View/View.php(210): include('/var/www/html/p...')
#2 /var/www/html/projet/system/View/View.php(213): CodeIgniter\View\View->CodeIgniter\View\{closure}()
#3 /var/www/html/projet/system/Common.php(1089): CodeIgniter\View\View->render()
#4 /var/www/html/projet/app/Controllers/DashboardAdmin.php(34): view()
#5 /var/www/html/projet/system/CodeIgniter.php(825): App\Controllers\DashboardAdmin->users()
#6 /var/www/html/projet/system/CodeIgniter.php(412): CodeIgniter\CodeIgniter->runController()
#7 /var/www/html/projet/system/CodeIgniter.php(320): CodeIgniter\CodeIgniter->handleRequest()
#8 /var/www/html/projet/public/index.php(37): CodeIgniter\CodeIgniter->run()
#9 /var/www/html/projet/system/Commands/Server/rewrite.php(43): require_once('/var/www/html/p...')
#10 {main}
CRITICAL - 2022-03-30 03:57:50 --> Undefined index: name
#0 /var/www/html/projet/app/Views/users.php(17): CodeIgniter\Debug\Exceptions->errorHandler()
#1 /var/www/html/projet/system/View/View.php(210): include('/var/www/html/p...')
#2 /var/www/html/projet/system/View/View.php(213): CodeIgniter\View\View->CodeIgniter\View\{closure}()
#3 /var/www/html/projet/system/Common.php(1089): CodeIgniter\View\View->render()
#4 /var/www/html/projet/app/Controllers/DashboardAdmin.php(31): view()
#5 /var/www/html/projet/system/CodeIgniter.php(825): App\Controllers\DashboardAdmin->users()
#6 /var/www/html/projet/system/CodeIgniter.php(412): CodeIgniter\CodeIgniter->runController()
#7 /var/www/html/projet/system/CodeIgniter.php(320): CodeIgniter\CodeIgniter->handleRequest()
#8 /var/www/html/projet/public/index.php(37): CodeIgniter\CodeIgniter->run()
#9 /var/www/html/projet/system/Commands/Server/rewrite.php(43): require_once('/var/www/html/p...')
#10 {main}
CRITICAL - 2022-03-30 04:07:14 --> Undefined index: NomClient
#0 /var/www/html/projet/app/Views/users.php(36): CodeIgniter\Debug\Exceptions->errorHandler()
#1 /var/www/html/projet/system/View/View.php(210): include('/var/www/html/p...')
#2 /var/www/html/projet/system/View/View.php(213): CodeIgniter\View\View->CodeIgniter\View\{closure}()
#3 /var/www/html/projet/system/Common.php(1089): CodeIgniter\View\View->render()
#4 /var/www/html/projet/app/Controllers/DashboardAdmin.php(31): view()
#5 /var/www/html/projet/system/CodeIgniter.php(825): App\Controllers\DashboardAdmin->users()
#6 /var/www/html/projet/system/CodeIgniter.php(412): CodeIgniter\CodeIgniter->runController()
#7 /var/www/html/projet/system/CodeIgniter.php(320): CodeIgniter\CodeIgniter->handleRequest()
#8 /var/www/html/projet/public/index.php(37): CodeIgniter\CodeIgniter->run()
#9 /var/www/html/projet/system/Commands/Server/rewrite.php(43): require_once('/var/www/html/p...')
#10 {main}
CRITICAL - 2022-03-30 04:24:08 --> Undefined index: idCLient
#0 /var/www/html/projet/app/Views/users.php(43): CodeIgniter\Debug\Exceptions->errorHandler()
#1 /var/www/html/projet/system/View/View.php(210): include('/var/www/html/p...')
#2 /var/www/html/projet/system/View/View.php(213): CodeIgniter\View\View->CodeIgniter\View\{closure}()
#3 /var/www/html/projet/system/Common.php(1089): CodeIgniter\View\View->render()
#4 /var/www/html/projet/app/Controllers/DashboardAdmin.php(31): view()
#5 /var/www/html/projet/system/CodeIgniter.php(825): App\Controllers\DashboardAdmin->users()
#6 /var/www/html/projet/system/CodeIgniter.php(412): CodeIgniter\CodeIgniter->runController()
#7 /var/www/html/projet/system/CodeIgniter.php(320): CodeIgniter\CodeIgniter->handleRequest()
#8 /var/www/html/projet/public/index.php(37): CodeIgniter\CodeIgniter->run()
#9 /var/www/html/projet/system/Commands/Server/rewrite.php(43): require_once('/var/www/html/p...')
#10 {main}
CRITICAL - 2022-03-30 04:24:51 --> Undefined index: idCLient
#0 /var/www/html/projet/app/Views/users.php(43): CodeIgniter\Debug\Exceptions->errorHandler()
#1 /var/www/html/projet/system/View/View.php(210): include('/var/www/html/p...')
#2 /var/www/html/projet/system/View/View.php(213): CodeIgniter\View\View->CodeIgniter\View\{closure}()
#3 /var/www/html/projet/system/Common.php(1089): CodeIgniter\View\View->render()
#4 /var/www/html/projet/app/Controllers/DashboardAdmin.php(31): view()
#5 /var/www/html/projet/system/CodeIgniter.php(825): App\Controllers\DashboardAdmin->users()
#6 /var/www/html/projet/system/CodeIgniter.php(412): CodeIgniter\CodeIgniter->runController()
#7 /var/www/html/projet/system/CodeIgniter.php(320): CodeIgniter\CodeIgniter->handleRequest()
#8 /var/www/html/projet/public/index.php(37): CodeIgniter\CodeIgniter->run()
#9 /var/www/html/projet/system/Commands/Server/rewrite.php(43): require_once('/var/www/html/p...')
#10 {main}
CRITICAL - 2022-03-30 04:25:54 --> Undefined index: idCLient
#0 /var/www/html/projet/app/Views/users.php(43): CodeIgniter\Debug\Exceptions->errorHandler()
#1 /var/www/html/projet/system/View/View.php(210): include('/var/www/html/p...')
#2 /var/www/html/projet/system/View/View.php(213): CodeIgniter\View\View->CodeIgniter\View\{closure}()
#3 /var/www/html/projet/system/Common.php(1089): CodeIgniter\View\View->render()
#4 /var/www/html/projet/app/Controllers/DashboardAdmin.php(31): view()
#5 /var/www/html/projet/system/CodeIgniter.php(825): App\Controllers\DashboardAdmin->users()
#6 /var/www/html/projet/system/CodeIgniter.php(412): CodeIgniter\CodeIgniter->runController()
#7 /var/www/html/projet/system/CodeIgniter.php(320): CodeIgniter\CodeIgniter->handleRequest()
#8 /var/www/html/projet/public/index.php(37): CodeIgniter\CodeIgniter->run()
#9 /var/www/html/projet/system/Commands/Server/rewrite.php(43): require_once('/var/www/html/p...')
#10 {main}
CRITICAL - 2022-03-30 04:26:19 --> Undefined index: idCLient
#0 /var/www/html/projet/app/Views/users.php(43): CodeIgniter\Debug\Exceptions->errorHandler()
#1 /var/www/html/projet/system/View/View.php(210): include('/var/www/html/p...')
#2 /var/www/html/projet/system/View/View.php(213): CodeIgniter\View\View->CodeIgniter\View\{closure}()
#3 /var/www/html/projet/system/Common.php(1089): CodeIgniter\View\View->render()
#4 /var/www/html/projet/app/Controllers/DashboardAdmin.php(31): view()
#5 /var/www/html/projet/system/CodeIgniter.php(825): App\Controllers\DashboardAdmin->users()
#6 /var/www/html/projet/system/CodeIgniter.php(412): CodeIgniter\CodeIgniter->runController()
#7 /var/www/html/projet/system/CodeIgniter.php(320): CodeIgniter\CodeIgniter->handleRequest()
#8 /var/www/html/projet/public/index.php(37): CodeIgniter\CodeIgniter->run()
#9 /var/www/html/projet/system/Commands/Server/rewrite.php(43): require_once('/var/www/html/p...')
#10 {main}
