CRITICAL - 2022-01-20 14:09:32 --> Call to undefined function displayError()
#0 C:\wamp\www\projet\system\View\View.php(210): include()
#1 C:\wamp\www\projet\system\View\View.php(213): CodeIgniter\View\View->CodeIgniter\View\{closure}()
#2 C:\wamp\www\projet\system\Common.php(1089): CodeIgniter\View\View->render('inscription', Array, true)
#3 C:\wamp\www\projet\app\Controllers\Connexion.php(36): view('inscription', Array)
#4 C:\wamp\www\projet\system\CodeIgniter.php(825): App\Controllers\Connexion->save()
#5 C:\wamp\www\projet\system\CodeIgniter.php(412): CodeIgniter\CodeIgniter->runController(Object(App\Controllers\Connexion))
#6 C:\wamp\www\projet\system\CodeIgniter.php(320): CodeIgniter\CodeIgniter->handleRequest(NULL, Object(Config\Cache), false)
#7 C:\wamp\www\projet\public\index.php(37): CodeIgniter\CodeIgniter->run()
#8 {main}
CRITICAL - 2022-01-20 14:10:07 --> Call to undefined function displayError()
#0 C:\wamp\www\projet\system\View\View.php(210): include()
#1 C:\wamp\www\projet\system\View\View.php(213): CodeIgniter\View\View->CodeIgniter\View\{closure}()
#2 C:\wamp\www\projet\system\Common.php(1089): CodeIgniter\View\View->render('inscription', Array, true)
#3 C:\wamp\www\projet\app\Controllers\Connexion.php(36): view('inscription', Array)
#4 C:\wamp\www\projet\system\CodeIgniter.php(825): App\Controllers\Connexion->save()
#5 C:\wamp\www\projet\system\CodeIgniter.php(412): CodeIgniter\CodeIgniter->runController(Object(App\Controllers\Connexion))
#6 C:\wamp\www\projet\system\CodeIgniter.php(320): CodeIgniter\CodeIgniter->handleRequest(NULL, Object(Config\Cache), false)
#7 C:\wamp\www\projet\public\index.php(37): CodeIgniter\CodeIgniter->run()
#8 {main}
CRITICAL - 2022-01-20 14:10:08 --> Call to undefined function displayError()
#0 C:\wamp\www\projet\system\View\View.php(210): include()
#1 C:\wamp\www\projet\system\View\View.php(213): CodeIgniter\View\View->CodeIgniter\View\{closure}()
#2 C:\wamp\www\projet\system\Common.php(1089): CodeIgniter\View\View->render('inscription', Array, true)
#3 C:\wamp\www\projet\app\Controllers\Connexion.php(36): view('inscription', Array)
#4 C:\wamp\www\projet\system\CodeIgniter.php(825): App\Controllers\Connexion->save()
#5 C:\wamp\www\projet\system\CodeIgniter.php(412): CodeIgniter\CodeIgniter->runController(Object(App\Controllers\Connexion))
#6 C:\wamp\www\projet\system\CodeIgniter.php(320): CodeIgniter\CodeIgniter->handleRequest(NULL, Object(Config\Cache), false)
#7 C:\wamp\www\projet\public\index.php(37): CodeIgniter\CodeIgniter->run()
#8 {main}
CRITICAL - 2022-01-20 14:16:19 --> Call to undefined function displayError()
#0 C:\wamp\www\projet\system\View\View.php(210): include()
#1 C:\wamp\www\projet\system\View\View.php(213): CodeIgniter\View\View->CodeIgniter\View\{closure}()
#2 C:\wamp\www\projet\system\Common.php(1089): CodeIgniter\View\View->render('inscription', Array, true)
#3 C:\wamp\www\projet\app\Controllers\Connexion.php(36): view('inscription', Array)
#4 C:\wamp\www\projet\system\CodeIgniter.php(825): App\Controllers\Connexion->save()
#5 C:\wamp\www\projet\system\CodeIgniter.php(412): CodeIgniter\CodeIgniter->runController(Object(App\Controllers\Connexion))
#6 C:\wamp\www\projet\system\CodeIgniter.php(320): CodeIgniter\CodeIgniter->handleRequest(NULL, Object(Config\Cache), false)
#7 C:\wamp\www\projet\public\index.php(37): CodeIgniter\CodeIgniter->run()
#8 {main}
CRITICAL - 2022-01-20 14:16:20 --> Call to undefined function displayError()
#0 C:\wamp\www\projet\system\View\View.php(210): include()
#1 C:\wamp\www\projet\system\View\View.php(213): CodeIgniter\View\View->CodeIgniter\View\{closure}()
#2 C:\wamp\www\projet\system\Common.php(1089): CodeIgniter\View\View->render('inscription', Array, true)
#3 C:\wamp\www\projet\app\Controllers\Connexion.php(36): view('inscription', Array)
#4 C:\wamp\www\projet\system\CodeIgniter.php(825): App\Controllers\Connexion->save()
#5 C:\wamp\www\projet\system\CodeIgniter.php(412): CodeIgniter\CodeIgniter->runController(Object(App\Controllers\Connexion))
#6 C:\wamp\www\projet\system\CodeIgniter.php(320): CodeIgniter\CodeIgniter->handleRequest(NULL, Object(Config\Cache), false)
#7 C:\wamp\www\projet\public\index.php(37): CodeIgniter\CodeIgniter->run()
#8 {main}
