CRITICAL - 2022-03-31 10:33:43 --> Class 'App\Controllers\DatabaseModel' not found
#0 /var/www/html/projet/system/CodeIgniter.php(825): App\Controllers\DashboardUser->reservation()
#1 /var/www/html/projet/system/CodeIgniter.php(412): CodeIgniter\CodeIgniter->runController()
#2 /var/www/html/projet/system/CodeIgniter.php(320): CodeIgniter\CodeIgniter->handleRequest()
#3 /var/www/html/projet/public/index.php(37): CodeIgniter\CodeIgniter->run()
#4 /var/www/html/projet/system/Commands/Server/rewrite.php(43): require_once('/var/www/html/p...')
#5 {main}
CRITICAL - 2022-03-31 10:34:11 --> Undefined variable: hebergements
#0 /var/www/html/projet/app/Views/reservations.php(48): CodeIgniter\Debug\Exceptions->errorHandler()
#1 /var/www/html/projet/system/View/View.php(210): include('/var/www/html/p...')
#2 /var/www/html/projet/system/View/View.php(213): CodeIgniter\View\View->CodeIgniter\View\{closure}()
#3 /var/www/html/projet/system/Common.php(1089): CodeIgniter\View\View->render()
#4 /var/www/html/projet/app/Controllers/DashboardUser.php(22): view()
#5 /var/www/html/projet/system/CodeIgniter.php(825): App\Controllers\DashboardUser->reservation()
#6 /var/www/html/projet/system/CodeIgniter.php(412): CodeIgniter\CodeIgniter->runController()
#7 /var/www/html/projet/system/CodeIgniter.php(320): CodeIgniter\CodeIgniter->handleRequest()
#8 /var/www/html/projet/public/index.php(37): CodeIgniter\CodeIgniter->run()
#9 /var/www/html/projet/system/Commands/Server/rewrite.php(43): require_once('/var/www/html/p...')
#10 {main}
CRITICAL - 2022-03-31 10:34:24 --> Undefined variable: hebergements
#0 /var/www/html/projet/app/Views/reservations.php(48): CodeIgniter\Debug\Exceptions->errorHandler()
#1 /var/www/html/projet/system/View/View.php(210): include('/var/www/html/p...')
#2 /var/www/html/projet/system/View/View.php(213): CodeIgniter\View\View->CodeIgniter\View\{closure}()
#3 /var/www/html/projet/system/Common.php(1089): CodeIgniter\View\View->render()
#4 /var/www/html/projet/app/Controllers/DashboardUser.php(22): view()
#5 /var/www/html/projet/system/CodeIgniter.php(825): App\Controllers\DashboardUser->reservation()
#6 /var/www/html/projet/system/CodeIgniter.php(412): CodeIgniter\CodeIgniter->runController()
#7 /var/www/html/projet/system/CodeIgniter.php(320): CodeIgniter\CodeIgniter->handleRequest()
#8 /var/www/html/projet/public/index.php(37): CodeIgniter\CodeIgniter->run()
#9 /var/www/html/projet/system/Commands/Server/rewrite.php(43): require_once('/var/www/html/p...')
#10 {main}
CRITICAL - 2022-03-31 10:34:25 --> Undefined variable: hebergements
#0 /var/www/html/projet/app/Views/reservations.php(48): CodeIgniter\Debug\Exceptions->errorHandler()
#1 /var/www/html/projet/system/View/View.php(210): include('/var/www/html/p...')
#2 /var/www/html/projet/system/View/View.php(213): CodeIgniter\View\View->CodeIgniter\View\{closure}()
#3 /var/www/html/projet/system/Common.php(1089): CodeIgniter\View\View->render()
#4 /var/www/html/projet/app/Controllers/DashboardUser.php(22): view()
#5 /var/www/html/projet/system/CodeIgniter.php(825): App\Controllers\DashboardUser->reservation()
#6 /var/www/html/projet/system/CodeIgniter.php(412): CodeIgniter\CodeIgniter->runController()
#7 /var/www/html/projet/system/CodeIgniter.php(320): CodeIgniter\CodeIgniter->handleRequest()
#8 /var/www/html/projet/public/index.php(37): CodeIgniter\CodeIgniter->run()
#9 /var/www/html/projet/system/Commands/Server/rewrite.php(43): require_once('/var/www/html/p...')
#10 {main}
CRITICAL - 2022-03-31 10:34:35 --> Undefined variable: reservation
#0 /var/www/html/projet/app/Views/reservations.php(54): CodeIgniter\Debug\Exceptions->errorHandler()
#1 /var/www/html/projet/system/View/View.php(210): include('/var/www/html/p...')
#2 /var/www/html/projet/system/View/View.php(213): CodeIgniter\View\View->CodeIgniter\View\{closure}()
#3 /var/www/html/projet/system/Common.php(1089): CodeIgniter\View\View->render()
#4 /var/www/html/projet/app/Controllers/DashboardUser.php(22): view()
#5 /var/www/html/projet/system/CodeIgniter.php(825): App\Controllers\DashboardUser->reservation()
#6 /var/www/html/projet/system/CodeIgniter.php(412): CodeIgniter\CodeIgniter->runController()
#7 /var/www/html/projet/system/CodeIgniter.php(320): CodeIgniter\CodeIgniter->handleRequest()
#8 /var/www/html/projet/public/index.php(37): CodeIgniter\CodeIgniter->run()
#9 /var/www/html/projet/system/Commands/Server/rewrite.php(43): require_once('/var/www/html/p...')
#10 {main}
CRITICAL - 2022-03-31 10:34:46 --> Undefined index: libelle
#0 /var/www/html/projet/app/Views/reservations.php(54): CodeIgniter\Debug\Exceptions->errorHandler()
#1 /var/www/html/projet/system/View/View.php(210): include('/var/www/html/p...')
#2 /var/www/html/projet/system/View/View.php(213): CodeIgniter\View\View->CodeIgniter\View\{closure}()
#3 /var/www/html/projet/system/Common.php(1089): CodeIgniter\View\View->render()
#4 /var/www/html/projet/app/Controllers/DashboardUser.php(22): view()
#5 /var/www/html/projet/system/CodeIgniter.php(825): App\Controllers\DashboardUser->reservation()
#6 /var/www/html/projet/system/CodeIgniter.php(412): CodeIgniter\CodeIgniter->runController()
#7 /var/www/html/projet/system/CodeIgniter.php(320): CodeIgniter\CodeIgniter->handleRequest()
#8 /var/www/html/projet/public/index.php(37): CodeIgniter\CodeIgniter->run()
#9 /var/www/html/projet/system/Commands/Server/rewrite.php(43): require_once('/var/www/html/p...')
#10 {main}
ERROR - 2022-03-31 10:35:39 --> Table 'mechmeche_jura.TypeHebergement' doesn't exist
CRITICAL - 2022-03-31 10:35:39 --> Table 'mechmeche_jura.TypeHebergement' doesn't exist
#0 /var/www/html/projet/system/Database/MySQLi/Connection.php(292): mysqli->query()
#1 /var/www/html/projet/system/Database/BaseConnection.php(670): CodeIgniter\Database\MySQLi\Connection->execute()
#2 /var/www/html/projet/system/Database/BaseConnection.php(598): CodeIgniter\Database\BaseConnection->simpleQuery()
#3 /var/www/html/projet/system/Database/BaseBuilder.php(1539): CodeIgniter\Database\BaseConnection->query()
#4 /var/www/html/projet/system/Model.php(509): CodeIgniter\Database\BaseBuilder->countAllResults()
#5 /var/www/html/projet/system/BaseModel.php(1084): CodeIgniter\Model->countAllResults()
#6 /var/www/html/projet/app/Controllers/DashboardUser.php(19): CodeIgniter\BaseModel->paginate()
#7 /var/www/html/projet/system/CodeIgniter.php(825): App\Controllers\DashboardUser->reservation()
#8 /var/www/html/projet/system/CodeIgniter.php(412): CodeIgniter\CodeIgniter->runController()
#9 /var/www/html/projet/system/CodeIgniter.php(320): CodeIgniter\CodeIgniter->handleRequest()
#10 /var/www/html/projet/public/index.php(37): CodeIgniter\CodeIgniter->run()
#11 /var/www/html/projet/system/Commands/Server/rewrite.php(43): require_once('/var/www/html/p...')
#12 {main}
CRITICAL - 2022-03-31 10:42:46 --> Undefined variable: client
#0 /var/www/html/projet/app/Views/reservations.php(80): CodeIgniter\Debug\Exceptions->errorHandler()
#1 /var/www/html/projet/system/View/View.php(210): include('/var/www/html/p...')
#2 /var/www/html/projet/system/View/View.php(213): CodeIgniter\View\View->CodeIgniter\View\{closure}()
#3 /var/www/html/projet/system/Common.php(1089): CodeIgniter\View\View->render()
#4 /var/www/html/projet/app/Controllers/DashboardUser.php(22): view()
#5 /var/www/html/projet/system/CodeIgniter.php(825): App\Controllers\DashboardUser->reservation()
#6 /var/www/html/projet/system/CodeIgniter.php(412): CodeIgniter\CodeIgniter->runController()
#7 /var/www/html/projet/system/CodeIgniter.php(320): CodeIgniter\CodeIgniter->handleRequest()
#8 /var/www/html/projet/public/index.php(37): CodeIgniter\CodeIgniter->run()
#9 /var/www/html/projet/system/Commands/Server/rewrite.php(43): require_once('/var/www/html/p...')
#10 {main}
