CRITICAL - 2022-04-09 02:16:08 --> Undefined variable: hebergements
#0 /home/fmechmeche/Documents/projet/app/Views/reservation.php(50): CodeIgniter\Debug\Exceptions->errorHandler()
#1 /home/fmechmeche/Documents/projet/system/View/View.php(210): include('/home/fmechmech...')
#2 /home/fmechmeche/Documents/projet/system/View/View.php(213): CodeIgniter\View\View->CodeIgniter\View\{closure}()
#3 /home/fmechmeche/Documents/projet/system/Common.php(1089): CodeIgniter\View\View->render()
#4 /home/fmechmeche/Documents/projet/app/Controllers/DashboardAdmin.php(24): view()
#5 /home/fmechmeche/Documents/projet/system/CodeIgniter.php(825): App\Controllers\DashboardAdmin->AfficherReservation()
#6 /home/fmechmeche/Documents/projet/system/CodeIgniter.php(412): CodeIgniter\CodeIgniter->runController()
#7 /home/fmechmeche/Documents/projet/system/CodeIgniter.php(320): CodeIgniter\CodeIgniter->handleRequest()
#8 /home/fmechmeche/Documents/projet/public/index.php(37): CodeIgniter\CodeIgniter->run()
#9 /home/fmechmeche/Documents/projet/system/Commands/Server/rewrite.php(43): require_once('/home/fmechmech...')
#10 {main}
CRITICAL - 2022-04-09 02:19:01 --> Undefined property: App\Controllers\DashboardAdmin::$modalhebergement
#0 /home/fmechmeche/Documents/projet/app/Controllers/DashboardAdmin.php(25): CodeIgniter\Debug\Exceptions->errorHandler()
#1 /home/fmechmeche/Documents/projet/system/CodeIgniter.php(825): App\Controllers\DashboardAdmin->AfficherReservation()
#2 /home/fmechmeche/Documents/projet/system/CodeIgniter.php(412): CodeIgniter\CodeIgniter->runController()
#3 /home/fmechmeche/Documents/projet/system/CodeIgniter.php(320): CodeIgniter\CodeIgniter->handleRequest()
#4 /home/fmechmeche/Documents/projet/public/index.php(37): CodeIgniter\CodeIgniter->run()
#5 /home/fmechmeche/Documents/projet/system/Commands/Server/rewrite.php(43): require_once('/home/fmechmech...')
#6 {main}
CRITICAL - 2022-04-09 02:23:15 --> Undefined variable: client
#0 /home/fmechmeche/Documents/projet/app/Views/reservation.php(68): CodeIgniter\Debug\Exceptions->errorHandler()
#1 /home/fmechmeche/Documents/projet/system/View/View.php(210): include('/home/fmechmech...')
#2 /home/fmechmeche/Documents/projet/system/View/View.php(213): CodeIgniter\View\View->CodeIgniter\View\{closure}()
#3 /home/fmechmeche/Documents/projet/system/Common.php(1089): CodeIgniter\View\View->render()
#4 /home/fmechmeche/Documents/projet/app/Controllers/DashboardAdmin.php(29): view()
#5 /home/fmechmeche/Documents/projet/system/CodeIgniter.php(825): App\Controllers\DashboardAdmin->AfficherReservation()
#6 /home/fmechmeche/Documents/projet/system/CodeIgniter.php(412): CodeIgniter\CodeIgniter->runController()
#7 /home/fmechmeche/Documents/projet/system/CodeIgniter.php(320): CodeIgniter\CodeIgniter->handleRequest()
#8 /home/fmechmeche/Documents/projet/public/index.php(37): CodeIgniter\CodeIgniter->run()
#9 /home/fmechmeche/Documents/projet/system/Commands/Server/rewrite.php(43): require_once('/home/fmechmech...')
#10 {main}
CRITICAL - 2022-04-09 02:33:51 --> Class 'App\Controllers\TypeHebergnemet' not found
#0 /home/fmechmeche/Documents/projet/system/CodeIgniter.php(825): App\Controllers\DashboardAdmin->AfficherReservation()
#1 /home/fmechmeche/Documents/projet/system/CodeIgniter.php(412): CodeIgniter\CodeIgniter->runController()
#2 /home/fmechmeche/Documents/projet/system/CodeIgniter.php(320): CodeIgniter\CodeIgniter->handleRequest()
#3 /home/fmechmeche/Documents/projet/public/index.php(37): CodeIgniter\CodeIgniter->run()
#4 /home/fmechmeche/Documents/projet/system/Commands/Server/rewrite.php(43): require_once('/home/fmechmech...')
#5 {main}
CRITICAL - 2022-04-09 02:34:41 --> Class 'App\Controllers\TypeHebergnement' not found
#0 /home/fmechmeche/Documents/projet/system/CodeIgniter.php(825): App\Controllers\DashboardAdmin->AfficherReservation()
#1 /home/fmechmeche/Documents/projet/system/CodeIgniter.php(412): CodeIgniter\CodeIgniter->runController()
#2 /home/fmechmeche/Documents/projet/system/CodeIgniter.php(320): CodeIgniter\CodeIgniter->handleRequest()
#3 /home/fmechmeche/Documents/projet/public/index.php(37): CodeIgniter\CodeIgniter->run()
#4 /home/fmechmeche/Documents/projet/system/Commands/Server/rewrite.php(43): require_once('/home/fmechmech...')
#5 {main}
CRITICAL - 2022-04-09 03:20:30 --> Undefined variable: session
#0 /home/fmechmeche/Documents/projet/app/Views/reservations.php(121): CodeIgniter\Debug\Exceptions->errorHandler()
#1 /home/fmechmeche/Documents/projet/system/View/View.php(210): include('/home/fmechmech...')
#2 /home/fmechmeche/Documents/projet/system/View/View.php(213): CodeIgniter\View\View->CodeIgniter\View\{closure}()
#3 /home/fmechmeche/Documents/projet/system/Common.php(1089): CodeIgniter\View\View->render()
#4 /home/fmechmeche/Documents/projet/app/Controllers/DashboardUser.php(27): view()
#5 /home/fmechmeche/Documents/projet/system/CodeIgniter.php(825): App\Controllers\DashboardUser->reservation()
#6 /home/fmechmeche/Documents/projet/system/CodeIgniter.php(412): CodeIgniter\CodeIgniter->runController()
#7 /home/fmechmeche/Documents/projet/system/CodeIgniter.php(320): CodeIgniter\CodeIgniter->handleRequest()
#8 /home/fmechmeche/Documents/projet/public/index.php(37): CodeIgniter\CodeIgniter->run()
#9 /home/fmechmeche/Documents/projet/system/Commands/Server/rewrite.php(43): require_once('/home/fmechmech...')
#10 {main}
CRITICAL - 2022-04-09 03:22:07 --> Undefined variable: session
#0 /home/fmechmeche/Documents/projet/app/Views/reservations.php(121): CodeIgniter\Debug\Exceptions->errorHandler()
#1 /home/fmechmeche/Documents/projet/system/View/View.php(210): include('/home/fmechmech...')
#2 /home/fmechmeche/Documents/projet/system/View/View.php(213): CodeIgniter\View\View->CodeIgniter\View\{closure}()
#3 /home/fmechmeche/Documents/projet/system/Common.php(1089): CodeIgniter\View\View->render()
#4 /home/fmechmeche/Documents/projet/app/Controllers/DashboardUser.php(27): view()
#5 /home/fmechmeche/Documents/projet/system/CodeIgniter.php(825): App\Controllers\DashboardUser->reservation()
#6 /home/fmechmeche/Documents/projet/system/CodeIgniter.php(412): CodeIgniter\CodeIgniter->runController()
#7 /home/fmechmeche/Documents/projet/system/CodeIgniter.php(320): CodeIgniter\CodeIgniter->handleRequest()
#8 /home/fmechmeche/Documents/projet/public/index.php(37): CodeIgniter\CodeIgniter->run()
#9 /home/fmechmeche/Documents/projet/system/Commands/Server/rewrite.php(43): require_once('/home/fmechmech...')
#10 {main}
